<?xml version="1.0" encoding="UTF-8"?>
<robot generator="Robot 3.1.1 (Python 3.6.5 on darwin)" generated="20190527 09:43:47.838" rpa="false">
<suite id="s1" name="favoriteTestFull" source="/Users/macbookpro/Desktop/github/robot_favorite_n11/tests/favoriteTestFull.robot">
<test id="s1-t1" name="Add drop favorite">
<kw name="create session" library="utilsApp" type="setup">
<kw name="Set Selenium Speed" library="SeleniumLibrary">
<doc>Sets the delay that is waited after each Selenium command.</doc>
<arguments>
<arg>0.5 seconds</arg>
</arguments>
<status status="PASS" starttime="20190527 09:43:49.588" endtime="20190527 09:43:49.589"></status>
</kw>
<kw name="Open Browser" library="SeleniumLibrary">
<doc>Opens a new browser instance to the given ``url``.</doc>
<arguments>
<arg>about:blank</arg>
<arg>${BROWSER}</arg>
</arguments>
<msg timestamp="20190527 09:43:49.590" level="INFO">Opening browser 'chrome' to base url 'about:blank'.</msg>
<status status="PASS" starttime="20190527 09:43:49.589" endtime="20190527 09:43:54.150"></status>
</kw>
<kw name="Maximize Browser Window" library="SeleniumLibrary">
<doc>Maximizes current browser window.</doc>
<status status="PASS" starttime="20190527 09:43:54.151" endtime="20190527 09:43:54.784"></status>
</kw>
<status status="PASS" starttime="20190527 09:43:49.587" endtime="20190527 09:43:54.784"></status>
</kw>
<kw name="login page" library="signInApp">
<kw name="go to home page" library="signIn">
<kw name="Go To" library="SeleniumLibrary">
<doc>Navigates the active browser instance to the provided ``url``.</doc>
<arguments>
<arg>${HOMEPAGE}/giris-yap</arg>
</arguments>
<msg timestamp="20190527 09:43:54.787" level="INFO">Opening url 'https://www.n11.com/giris-yap'</msg>
<status status="PASS" starttime="20190527 09:43:54.786" endtime="20190527 09:43:57.863"></status>
</kw>
<status status="PASS" starttime="20190527 09:43:54.786" endtime="20190527 09:43:57.864"></status>
</kw>
<kw name="wait until page loaded" library="signIn">
<kw name="Wait Until Page Contains" library="SeleniumLibrary">
<doc>Waits until ``text`` appears on current page.</doc>
<arguments>
<arg>Giri≈ü Yap</arg>
</arguments>
<status status="PASS" starttime="20190527 09:43:57.865" endtime="20190527 09:43:58.394"></status>
</kw>
<status status="PASS" starttime="20190527 09:43:57.864" endtime="20190527 09:43:58.394"></status>
</kw>
<kw name="fill email input" library="signIn">
<kw name="Input Text" library="SeleniumLibrary">
<doc>Types the given ``text`` into text field identified by ``locator``.</doc>
<arguments>
<arg>${selector_email_input}</arg>
<arg>${USERNAME}</arg>
</arguments>
<msg timestamp="20190527 09:43:58.396" level="INFO">Typing text 'b2k4' into text field 'id=email'.</msg>
<status status="PASS" starttime="20190527 09:43:58.395" endtime="20190527 09:44:00.024"></status>
</kw>
<status status="PASS" starttime="20190527 09:43:58.395" endtime="20190527 09:44:00.025"></status>
</kw>
<kw name="fill password input" library="signIn">
<kw name="Input Text" library="SeleniumLibrary">
<doc>Types the given ``text`` into text field identified by ``locator``.</doc>
<arguments>
<arg>${selector_password_input}</arg>
<arg>${PASSWORD}</arg>
</arguments>
<msg timestamp="20190527 09:44:00.028" level="INFO">Typing text '123qwe' into text field 'id=password'.</msg>
<status status="PASS" starttime="20190527 09:44:00.028" endtime="20190527 09:44:01.651"></status>
</kw>
<status status="PASS" starttime="20190527 09:44:00.025" endtime="20190527 09:44:01.652"></status>
</kw>
<kw name="click login button" library="signIn">
<kw name="Click Element" library="SeleniumLibrary">
<doc>Click element identified by ``locator``.</doc>
<arguments>
<arg>${selector_login_button}</arg>
</arguments>
<msg timestamp="20190527 09:44:01.653" level="INFO">Clicking element 'id=loginButton'.</msg>
<status status="PASS" starttime="20190527 09:44:01.653" endtime="20190527 09:44:02.760"></status>
</kw>
<status status="PASS" starttime="20190527 09:44:01.652" endtime="20190527 09:44:02.760"></status>
</kw>
<kw name="wait until login is succeed" library="signIn">
<kw name="Wait Until Page Contains" library="SeleniumLibrary">
<doc>Waits until ``text`` appears on current page.</doc>
<arguments>
<arg>${NAME}</arg>
</arguments>
<kw name="Capture Page Screenshot" library="SeleniumLibrary">
<doc>Takes screenshot of the current page and embeds it into log file.</doc>
<msg timestamp="20190527 09:44:07.819" level="FAIL">NoSuchWindowException: Message: no such window: window was already closed
  (Session info: chrome=74.0.3729.169)
  (Driver info: chromedriver=72.0.3626.69 (3c16f8a135abc0d4da2dff33804db79b849a7c38),platform=Mac OS X 10.13.6 x86_64)
</msg>
<status status="FAIL" starttime="20190527 09:44:07.775" endtime="20190527 09:44:07.819"></status>
</kw>
<msg timestamp="20190527 09:44:07.819" level="WARN">Keyword 'Capture Page Screenshot' could not be run on failure: NoSuchWindowException: Message: no such window: window was already closed
  (Session info: chrome=74.0.3729.169)
  (Driver info: chromedriver=72.0.3626.69 (3c16f8a135abc0d4da2dff33804db79b849a7c38),platform=Mac OS X 10.13.6 x86_64)
</msg>
<msg timestamp="20190527 09:44:07.822" level="FAIL">Text 'yusuf sar' did not appear in 5 seconds.</msg>
<status status="FAIL" starttime="20190527 09:44:02.761" endtime="20190527 09:44:07.822"></status>
</kw>
<status status="FAIL" starttime="20190527 09:44:02.760" endtime="20190527 09:44:07.823"></status>
</kw>
<status status="FAIL" starttime="20190527 09:43:54.785" endtime="20190527 09:44:07.823"></status>
</kw>
<kw name="close session" library="utilsApp" type="teardown">
<kw name="Close Browser" library="SeleniumLibrary">
<doc>Closes the current browser.</doc>
<status status="PASS" starttime="20190527 09:44:07.824" endtime="20190527 09:44:08.418"></status>
</kw>
<status status="PASS" starttime="20190527 09:44:07.823" endtime="20190527 09:44:08.418"></status>
</kw>
<status status="FAIL" starttime="20190527 09:43:49.585" endtime="20190527 09:44:08.419" critical="yes">Text 'yusuf sar' did not appear in 5 seconds.</status>
</test>
<status status="FAIL" starttime="20190527 09:43:47.846" endtime="20190527 09:44:08.423"></status>
</suite>
<statistics>
<total>
<stat pass="0" fail="1">Critical Tests</stat>
<stat pass="0" fail="1">All Tests</stat>
</total>
<tag>
</tag>
<suite>
<stat pass="0" fail="1" id="s1" name="favoriteTestFull">favoriteTestFull</stat>
</suite>
</statistics>
<errors>
<msg timestamp="20190527 09:44:07.819" level="WARN">Keyword 'Capture Page Screenshot' could not be run on failure: NoSuchWindowException: Message: no such window: window was already closed
  (Session info: chrome=74.0.3729.169)
  (Driver info: chromedriver=72.0.3626.69 (3c16f8a135abc0d4da2dff33804db79b849a7c38),platform=Mac OS X 10.13.6 x86_64)
</msg>
</errors>
</robot>
